c:\stlviewer\stlviewer\x64\debug\stlviewer.obj
c:\stlviewer\stlviewer\x64\debug\main.obj
c:\stlviewer\stlviewer\x64\debug\qrc_stlviewer.obj
c:\stlviewer\stlviewer\x64\debug\moc_stlviewer.obj
c:\stlviewer\stlviewer\x64\debug\customvtkwidget.obj
c:\stlviewer\stlviewer\x64\debug\custominteractorstyle.obj
c:\stlviewer\stlviewer\x64\debug\observer.obj
c:\stlviewer\stlviewer\x64\debug\vc142.pdb
c:\stlviewer\x64\debug\stlviewer.exe
c:\stlviewer\x64\debug\stlviewer.ilk
c:\stlviewer\x64\debug\stlviewer.pdb
c:\stlviewer\stlviewer\x64\debug\moc\moc_stlviewer.cpp
c:\stlviewer\stlviewer\x64\debug\rcc\qrc_stlviewer.cpp
c:\stlviewer\stlviewer\x64\debug\uic\ui_stlviewer.h
c:\stlviewer\stlviewer\x64\debug\stlviewer.tlog\cl.command.1.tlog
c:\stlviewer\stlviewer\x64\debug\stlviewer.tlog\cl.read.1.tlog
c:\stlviewer\stlviewer\x64\debug\stlviewer.tlog\cl.write.1.tlog
c:\stlviewer\stlviewer\x64\debug\stlviewer.tlog\link.command.1.tlog
c:\stlviewer\stlviewer\x64\debug\stlviewer.tlog\link.read.1.tlog
c:\stlviewer\stlviewer\x64\debug\stlviewer.tlog\link.write.1.tlog
c:\stlviewer\stlviewer\x64\debug\stlviewer.tlog\moc.read.1u.tlog
c:\stlviewer\stlviewer\x64\debug\stlviewer.tlog\moc.write.1u.tlog
c:\stlviewer\stlviewer\x64\debug\stlviewer.tlog\rcc.read.1u.tlog
c:\stlviewer\stlviewer\x64\debug\stlviewer.tlog\rcc.write.1u.tlog
c:\stlviewer\stlviewer\x64\debug\stlviewer.tlog\stlviewer.write.1u.tlog
c:\stlviewer\stlviewer\x64\debug\stlviewer.tlog\uic.read.1u.tlog
c:\stlviewer\stlviewer\x64\debug\stlviewer.tlog\uic.write.1u.tlog
